CLIENT_HANDSHAKE_TRAFFIC_SECRET c33ecedc4b940e2dc78fa3630649d1f160b2cabbfaf15a3e6300c07dd51f194e 8784607c97ab93c3d2a9ccd96e9d44783e0fe278394ea3e5fe637512381f96d5
SERVER_HANDSHAKE_TRAFFIC_SECRET c33ecedc4b940e2dc78fa3630649d1f160b2cabbfaf15a3e6300c07dd51f194e 2ffdffb0096ce86de913c2b044f6f9ae3b4b239cba91695545ca6e92050cff7f
EXPORTER_SECRET c33ecedc4b940e2dc78fa3630649d1f160b2cabbfaf15a3e6300c07dd51f194e af11b5a7d40d01b7bd54a90561198eed4a82fec8c8d56ce3acdd10814415da83
CLIENT_TRAFFIC_SECRET_0 c33ecedc4b940e2dc78fa3630649d1f160b2cabbfaf15a3e6300c07dd51f194e 6fcd5a3497a7468c51a534ebb52f9acd9c99b8f723469f4d8331100bee589405
SERVER_TRAFFIC_SECRET_0 c33ecedc4b940e2dc78fa3630649d1f160b2cabbfaf15a3e6300c07dd51f194e c600fc5babaab47b82959bf8d530b61300a0168ef0d8e560ea9fb10e8fdeacb0
SERVER_HANDSHAKE_TRAFFIC_SECRET 3e620015faef19219e262a865aeac0fab92a80f7479258a9452e4d03e8c8a0c1 892b98ce18493b3664c7690d93eca4acdee4ae3204e911b7489b919716ad8279
EXPORTER_SECRET 3e620015faef19219e262a865aeac0fab92a80f7479258a9452e4d03e8c8a0c1 17643c5d49b2fc05a90602a93d6acbaf1d83ca61391c6a47fd6dc604e76c02f9
SERVER_TRAFFIC_SECRET_0 3e620015faef19219e262a865aeac0fab92a80f7479258a9452e4d03e8c8a0c1 9cebf909b14227fc79ced133ec8480bc7d9af30030a1c1c847e18c89000497cf
CLIENT_HANDSHAKE_TRAFFIC_SECRET 3e620015faef19219e262a865aeac0fab92a80f7479258a9452e4d03e8c8a0c1 c497ca0ca9850becd5f6ac7343844bf35468aeb9911744cba756b63a29332dc0
CLIENT_TRAFFIC_SECRET_0 3e620015faef19219e262a865aeac0fab92a80f7479258a9452e4d03e8c8a0c1 07a23f0c19082bd49e08d7cd234f624b5380fc5267920d2faac944e2f72b27a5
CLIENT_HANDSHAKE_TRAFFIC_SECRET b35e0fd71e0da419ba8d6bfa5153ab6f56a320d8f76b9820d837d6c614d6ce99 7a18f37173775057997a4c0402dcefc45856253572c5f2f5ea89c6ae682950be
SERVER_HANDSHAKE_TRAFFIC_SECRET b35e0fd71e0da419ba8d6bfa5153ab6f56a320d8f76b9820d837d6c614d6ce99 d9269ceba8b7c0bac8083991a2623e55ce270d80c381574231481378b8599cf0
EXPORTER_SECRET b35e0fd71e0da419ba8d6bfa5153ab6f56a320d8f76b9820d837d6c614d6ce99 333eb8f2a158aaf2792b4edc0fc4f31c7959ef1a17c4cd0f331e9e93d5f0c766
CLIENT_TRAFFIC_SECRET_0 b35e0fd71e0da419ba8d6bfa5153ab6f56a320d8f76b9820d837d6c614d6ce99 3a78aa2b2865d36e529f3dc72efbf8451d5ab3385550d24afc3f4d4e330ecd42
SERVER_TRAFFIC_SECRET_0 b35e0fd71e0da419ba8d6bfa5153ab6f56a320d8f76b9820d837d6c614d6ce99 feb57c886b0ede213c1de4877631962e34a2abbd6478aea6ea58014b2300ea8e
CLIENT_HANDSHAKE_TRAFFIC_SECRET 7e32cb3305a1690c6d135b4fc7a1f8c7efc478b61b9015db17ad97b1c3865b90 83e77c8fb724858597c68d5a71cbb39894f510eb634f134165b0ea8ac69468ff
SERVER_HANDSHAKE_TRAFFIC_SECRET 7e32cb3305a1690c6d135b4fc7a1f8c7efc478b61b9015db17ad97b1c3865b90 1a94b21228f68feaf3c0bd8797a68de0abb35c91d4cf276b15ea9e2318ea66ca
EXPORTER_SECRET 7e32cb3305a1690c6d135b4fc7a1f8c7efc478b61b9015db17ad97b1c3865b90 d4592da0373e69e0cce3c211e391afdce63728f3938de2da6cf2336ce57bdb6d
CLIENT_TRAFFIC_SECRET_0 7e32cb3305a1690c6d135b4fc7a1f8c7efc478b61b9015db17ad97b1c3865b90 132a9c944783a3cac05650614c2ef58f482c8915c265cbff1893874598084e46
SERVER_TRAFFIC_SECRET_0 7e32cb3305a1690c6d135b4fc7a1f8c7efc478b61b9015db17ad97b1c3865b90 29c981932047aa3a8b09c99648f2751a156b622a4b586a0382af858c1e314e57
SERVER_HANDSHAKE_TRAFFIC_SECRET 19e03cec44d6451312862000a72f5360c5449944e20bf5eacdf6beb2e39d4aa4 55137f6825ede36acb4d2564e2b3af1f1c19399bdc93054bd06697057f5ffc34
EXPORTER_SECRET 19e03cec44d6451312862000a72f5360c5449944e20bf5eacdf6beb2e39d4aa4 0879bea76a7e36fc359e8e5ec96297949a69eec4f64b829677b7f7ba248f5af6
SERVER_TRAFFIC_SECRET_0 19e03cec44d6451312862000a72f5360c5449944e20bf5eacdf6beb2e39d4aa4 8c5838e621dc12f4799b9cadcb94f257960090f0c595da33af9280d0a10b29c3
CLIENT_HANDSHAKE_TRAFFIC_SECRET 19e03cec44d6451312862000a72f5360c5449944e20bf5eacdf6beb2e39d4aa4 b85e0f16f8a65f83120ffdb2261bd28b5f55f6057051aa63ca5d4b0433ea872c
CLIENT_TRAFFIC_SECRET_0 19e03cec44d6451312862000a72f5360c5449944e20bf5eacdf6beb2e39d4aa4 b614f78af5b0a0cb86d365ca713cf770d1263b3d064571d465ebbb8187dc6828
